Compiled jquery.js  (38ms)  (pid 8445)
Compiled jquery_ujs.js  (4ms)  (pid 8445)
Compiled users.js  (1100ms)  (pid 8445)
Compiled application.js  (1325ms)  (pid 8445)
Compiled scaffolds.css  (440ms)  (pid 8445)
Compiled users.css  (8ms)  (pid 8445)
Compiled application.css  (551ms)  (pid 8445)
Compiled jquery.js  (36ms)  (pid 8445)
Compiled jquery_ujs.js  (3ms)  (pid 8445)
Compiled users.js  (937ms)  (pid 8445)
Compiled application.js  (1104ms)  (pid 8445)
Compiled scaffolds.css  (499ms)  (pid 8445)
Compiled users.css  (8ms)  (pid 8445)
Compiled application.css  (605ms)  (pid 8445)
Compiled jquery.js  (5ms)  (pid 12727)
Compiled jquery_ujs.js  (0ms)  (pid 12727)
Compiled users.js  (136ms)  (pid 12727)
Compiled application.js  (182ms)  (pid 12727)
Compiled scaffolds.css  (94ms)  (pid 12727)
Compiled users.css  (1ms)  (pid 12727)
Compiled application.css  (108ms)  (pid 12727)
Compiled jquery.js  (5ms)  (pid 12727)
Compiled jquery_ujs.js  (0ms)  (pid 12727)
Compiled users.js  (136ms)  (pid 12727)
Compiled application.js  (162ms)  (pid 12727)
Compiled scaffolds.css  (72ms)  (pid 12727)
Compiled users.css  (1ms)  (pid 12727)
Compiled application.css  (85ms)  (pid 12727)
